2012-04-25 20:53:39,417 org.springframework.context.support.FileSystemXmlApplicationContext INFO (AbstractApplicationContext.java:411) Refreshing org.springframework.context.support.FileSystemXmlApplicationContext@1549f94: display name [org.springframework.context.support.FileSystemXmlApplicationContext@1549f94]; startup date [Wed Apr 25 20:53:39 CST 2012]; root of context hierarchy
2012-04-25 20:53:39,469 org.springframework.beans.factory.xml.XmlBeanDefinitionReader INFO (XmlBeanDefinitionReader.java:323) Loading XML bean definitions from URL [file:/home/cloud/gansenbang/s4/build/s4-image/s4-core/conf/default/client-adapter-conf.xml]
2012-04-25 20:53:39,586 org.springframework.context.support.FileSystemXmlApplicationContext INFO (AbstractApplicationContext.java:426) Bean factory for application context [org.springframework.context.support.FileSystemXmlApplicationContext@1549f94]: org.springframework.beans.factory.support.DefaultListableBeanFactory@182bcde
2012-04-25 20:53:39,642 org.springframework.beans.factory.config.PropertyPlaceholderConfigurer INFO (PropertiesLoaderSupport.java:178) Loading properties file from class path resource [client-adapter.properties]
2012-04-25 20:53:39,650 org.springframework.beans.factory.support.DefaultListableBeanFactory INFO (DefaultListableBeanFactory.java:414) Pre-instantiating singletons in org.springframework.beans.factory.support.DefaultListableBeanFactory@182bcde: defining beans [propertyConfigurer,commLayerEmitter,serDeser,rawListener,eventListener,monitor,dummyPartitioner,hasher,genericPartitioner,dispatcher,client_adapter]; root of factory hierarchy
2012-04-25 20:53:39,684 io.s4.listener.CommLayerListener INFO (CommLayerListener.java:223) Waiting to acquire task
2012-04-25 20:53:39,685 io.s4.emitter.CommLayerEmitter INFO (CommLayerEmitter.java:161) CommLayerEmitter going to wait for listener to acquire task
2012-04-25 20:53:39,700 io.s4.comm.core.CommServiceFactory INFO (CommServiceFactory.java:41) Comm layer mode is set to static
2012-04-25 20:53:39,716 s4 INFO (Dispatcher.java:95) Event count is 0; rate NaN
2012-04-25 20:53:39,727 s4 INFO (Dispatcher.java:97) Raw event count is 0; rate NaN
2012-04-25 20:53:39,720 org.springframework.context.support.FileSystemXmlApplicationContext INFO (AbstractApplicationContext.java:411) Refreshing org.springframework.context.support.FileSystemXmlApplicationContext@1f1235b: display name [org.springframework.context.support.FileSystemXmlApplicationContext@1f1235b]; startup date [Wed Apr 25 20:53:39 CST 2012]; parent: org.springframework.context.support.FileSystemXmlApplicationContext@1549f94
2012-04-25 20:53:39,725 io.s4.listener.CommLayerListener INFO (CommLayerListener.java:124) Communication layer initialized: source:null
2012-04-25 20:53:39,727 io.s4.comm.core.ListenerProcess INFO (ListenerProcess.java:47) Waiting for task
2012-04-25 20:53:39,727 org.springframework.beans.factory.xml.XmlBeanDefinitionReader INFO (XmlBeanDefinitionReader.java:323) Loading XML bean definitions from URL [file:/home/cloud/gansenbang/s4/build/s4-image/s4-core/conf/default/client-stub-conf.xml]
2012-04-25 20:53:39,733 io.s4.comm.file.StaticTaskManager INFO (StaticTaskManager.java:169) Host Name: cloud-PC
2012-04-25 20:53:39,733 io.s4.comm.file.StaticTaskManager INFO (StaticTaskManager.java:102) processAvailable:true
2012-04-25 20:53:39,746 io.s4.comm.file.StaticTaskManager INFO (StaticTaskManager.java:135) Task acquired by PID:27625 HOST:cloud-PC  Lock File location: /home/cloud/gansenbang/s4/build/s4-image/s4-core/lock/client-adapterclient-adapter-0
2012-04-25 20:53:39,746 io.s4.comm.file.StaticTaskManager INFO (StaticTaskManager.java:105) Acquire task:Success
2012-04-25 20:53:39,747 io.s4.comm.core.ListenerProcess INFO (ListenerProcess.java:54) Starting listener with config: {port=6077, partition=0, address=localhost, ID=client-adapter-0, cluster.type=s4, process.host=localhost, cluster.name=client-adapter, mode=unicast}
2012-04-25 20:53:39,750 io.s4.listener.CommLayerListener INFO (CommLayerListener.java:225) acquired task with config:{port=6077, partition=0, address=localhost, ID=client-adapter-0, cluster.type=s4, process.host=localhost, cluster.name=client-adapter, mode=unicast}
2012-04-25 20:53:39,750 io.s4.listener.CommLayerListener INFO (CommLayerListener.java:231) tid is set to 0
2012-04-25 20:53:39,750 io.s4.emitter.CommLayerEmitter INFO (CommLayerEmitter.java:173) Creating sender process with {port=6077, partition=0, address=localhost, ID=client-adapter-0, cluster.type=s4, process.host=localhost, cluster.name=client-adapter, mode=unicast}
2012-04-25 20:53:39,752 io.s4.comm.core.CommServiceFactory INFO (CommServiceFactory.java:57) Comm layer mode is set to static
2012-04-25 20:53:39,756 io.s4.comm.file.StaticProcessMonitor INFO (StaticProcessMonitor.java:60) Destination List: [{port=5077, partition=0, address=localhost, ID=s4node-0, cluster.type=s4, process.host=localhost, cluster.name=s4, mode=unicast}]
2012-04-25 20:53:39,756 io.s4.comm.file.StaticProcessMonitor INFO (StaticProcessMonitor.java:61) Destination Map: {0={port=5077, partition=0, address=localhost, ID=s4node-0, cluster.type=s4, process.host=localhost, cluster.name=s4, mode=unicast}}
2012-04-25 20:53:39,756 io.s4.comm.file.StaticProcessMonitor INFO (StaticProcessMonitor.java:62) TaskCount: 1
2012-04-25 20:53:39,789 org.springframework.context.support.FileSystemXmlApplicationContext INFO (AbstractApplicationContext.java:426) Bean factory for application context [org.springframework.context.support.FileSystemXmlApplicationContext@1f1235b]: org.springframework.beans.factory.support.DefaultListableBeanFactory@1bbd7b2
2012-04-25 20:53:39,791 org.springframework.beans.factory.config.PropertyPlaceholderConfigurer INFO (PropertiesLoaderSupport.java:178) Loading properties file from class path resource [client-adapter.properties]
2012-04-25 20:53:39,792 org.springframework.beans.factory.support.DefaultListableBeanFactory INFO (DefaultListableBeanFactory.java:414) Pre-instantiating singletons in org.springframework.beans.factory.support.DefaultListableBeanFactory@1bbd7b2: defining beans [propertyConfigurer,genericStub]; parent: org.springframework.beans.factory.support.DefaultListableBeanFactory@182bcde
2012-04-25 20:53:49,092 adapter INFO (Handshake.java:132) connecting to client e7327c3e-69c9-4469-9dba-fc8db27bc0dc
2012-04-25 20:53:49,093 adapter INFO (Handshake.java:151) e7327c3e-69c9-4469-9dba-fc8db27bc0dc read=Private write=Enabled
2012-04-25 20:53:49,095 adapter INFO (ClientStub.java:148) adding client e7327c3e-69c9-4469-9dba-fc8db27bc0dc
2012-04-25 20:53:54,727 s4 INFO (Dispatcher.java:95) Event count is 4775; rate 318.1000599560323
2012-04-25 20:53:54,728 s4 INFO (Dispatcher.java:97) Raw event count is 4775; rate 318.1000599560323
2012-04-25 20:53:54,728 s4 INFO (Dispatcher.java:102) 0: 4775
2012-04-25 20:54:09,679 monitor INFO (Log4jMonitor.java:57) S4::S4CoreMetrics:lle_out = 35013
2012-04-25 20:54:09,680 monitor INFO (Log4jMonitor.java:57) S4::S4CoreMetrics:lle_qsz = 0
2012-04-25 20:54:09,728 s4 INFO (Dispatcher.java:95) Event count is 35153; rate 2025.0649956669556
2012-04-25 20:54:09,728 s4 INFO (Dispatcher.java:97) Raw event count is 35154; rate 2025.0649956669556
2012-04-25 20:54:09,728 s4 INFO (Dispatcher.java:102) 0: 35155
2012-04-25 20:54:24,729 s4 INFO (Dispatcher.java:95) Event count is 75826; rate 2711.3525764949004
2012-04-25 20:54:24,729 s4 INFO (Dispatcher.java:97) Raw event count is 75826; rate 2711.3525764949004
2012-04-25 20:54:24,729 s4 INFO (Dispatcher.java:102) 0: 75827
2012-04-25 20:54:39,679 monitor INFO (Log4jMonitor.java:57) S4::S4CoreMetrics:lle_out = 80789
2012-04-25 20:54:39,679 monitor INFO (Log4jMonitor.java:57) S4::S4CoreMetrics:lle_qsz = 0
2012-04-25 20:54:39,729 s4 INFO (Dispatcher.java:95) Event count is 115895; rate 2671.266666666667
2012-04-25 20:54:39,730 s4 INFO (Dispatcher.java:97) Raw event count is 115896; rate 2671.266666666667
2012-04-25 20:54:39,730 s4 INFO (Dispatcher.java:102) 0: 115897
2012-04-25 20:54:54,730 s4 INFO (Dispatcher.java:95) Event count is 156024; rate 2675.088327444837
2012-04-25 20:54:54,730 s4 INFO (Dispatcher.java:97) Raw event count is 156025; rate 2675.088327444837
2012-04-25 20:54:54,730 s4 INFO (Dispatcher.java:102) 0: 156025
2012-04-25 20:55:09,679 monitor INFO (Log4jMonitor.java:57) S4::S4CoreMetrics:lle_out = 80811
2012-04-25 20:55:09,679 monitor INFO (Log4jMonitor.java:57) S4::S4CoreMetrics:lle_qsz = 0
2012-04-25 20:55:09,731 s4 INFO (Dispatcher.java:95) Event count is 196712; rate 2712.3525098326777
2012-04-25 20:55:09,731 s4 INFO (Dispatcher.java:97) Raw event count is 196712; rate 2712.3525098326777
2012-04-25 20:55:09,731 s4 INFO (Dispatcher.java:102) 0: 196712
2012-04-25 20:55:24,731 s4 INFO (Dispatcher.java:95) Event count is 237290; rate 2705.2
2012-04-25 20:55:24,731 s4 INFO (Dispatcher.java:97) Raw event count is 237290; rate 2705.2
2012-04-25 20:55:24,732 s4 INFO (Dispatcher.java:102) 0: 237290
2012-04-25 20:55:39,679 monitor INFO (Log4jMonitor.java:57) S4::S4CoreMetrics:lle_out = 81222
2012-04-25 20:55:39,680 monitor INFO (Log4jMonitor.java:57) S4::S4CoreMetrics:lle_qsz = 0
2012-04-25 20:55:39,732 s4 INFO (Dispatcher.java:95) Event count is 277905; rate 2707.4861675888274
2012-04-25 20:55:39,732 s4 INFO (Dispatcher.java:97) Raw event count is 277905; rate 2707.4861675888274
2012-04-25 20:55:39,732 s4 INFO (Dispatcher.java:102) 0: 277906
2012-04-25 20:55:54,732 s4 INFO (Dispatcher.java:95) Event count is 316457; rate 2570.133333333333
2012-04-25 20:55:54,733 s4 INFO (Dispatcher.java:97) Raw event count is 316457; rate 2570.133333333333
2012-04-25 20:55:54,733 s4 INFO (Dispatcher.java:102) 0: 316457
2012-04-25 20:56:09,679 monitor INFO (Log4jMonitor.java:57) S4::S4CoreMetrics:lle_out = 83135
2012-04-25 20:56:09,679 monitor INFO (Log4jMonitor.java:57) S4::S4CoreMetrics:lle_qsz = 0
2012-04-25 20:56:09,733 s4 INFO (Dispatcher.java:95) Event count is 361087; rate 2975.1349910006
2012-04-25 20:56:09,733 s4 INFO (Dispatcher.java:97) Raw event count is 361088; rate 2975.1349910006
2012-04-25 20:56:09,733 s4 INFO (Dispatcher.java:102) 0: 361089
2012-04-25 20:56:24,734 s4 INFO (Dispatcher.java:95) Event count is 404527; rate 2895.8069462035864
2012-04-25 20:56:24,734 s4 INFO (Dispatcher.java:97) Raw event count is 404528; rate 2895.8069462035864
2012-04-25 20:56:24,734 s4 INFO (Dispatcher.java:102) 0: 404529
2012-04-25 20:56:39,679 monitor INFO (Log4jMonitor.java:57) S4::S4CoreMetrics:lle_out = 84483
2012-04-25 20:56:39,680 monitor INFO (Log4jMonitor.java:57) S4::S4CoreMetrics:lle_qsz = 0
2012-04-25 20:56:39,734 s4 INFO (Dispatcher.java:95) Event count is 445576; rate 2736.6
2012-04-25 20:56:39,735 s4 INFO (Dispatcher.java:97) Raw event count is 445577; rate 2736.6
2012-04-25 20:56:39,735 s4 INFO (Dispatcher.java:102) 0: 445578
2012-04-25 20:56:54,735 s4 INFO (Dispatcher.java:95) Event count is 488111; rate 2835.477634824345
2012-04-25 20:56:54,735 s4 INFO (Dispatcher.java:97) Raw event count is 488113; rate 2835.477634824345
2012-04-25 20:56:54,735 s4 INFO (Dispatcher.java:102) 0: 488113
2012-04-25 20:56:58,458 adapter INFO (ClientConnection.java:146) error while reading from client e7327c3e-69c9-4469-9dba-fc8db27bc0dc
java.io.IOException: reached end of stream after reading 0 bytes. expected 288 bytes
	at io.s4.util.ByteArrayIOChannel.readBytes(ByteArrayIOChannel.java:42)
	at io.s4.util.ByteArrayIOChannel.recv(ByteArrayIOChannel.java:73)
	at io.s4.client.ClientConnection$1.run(ClientConnection.java:124)
	at java.lang.Thread.run(Thread.java:679)
2012-04-25 20:56:58,459 adapter INFO (ClientConnection.java:53) closing connection to client e7327c3e-69c9-4469-9dba-fc8db27bc0dc
2012-04-25 20:57:09,679 monitor INFO (Log4jMonitor.java:57) S4::S4CoreMetrics:lle_out = 51867
2012-04-25 20:57:09,680 monitor INFO (Log4jMonitor.java:57) S4::S4CoreMetrics:lle_qsz = 0
2012-04-25 20:57:09,736 s4 INFO (Dispatcher.java:95) Event count is 497325; rate 614.2257182854477
2012-04-25 20:57:09,736 s4 INFO (Dispatcher.java:97) Raw event count is 497325; rate 614.2257182854477
2012-04-25 20:57:09,736 s4 INFO (Dispatcher.java:102) 0: 497325
2012-04-25 20:57:24,737 s4 INFO (Dispatcher.java:95) Event count is 497325; rate 0.0
2012-04-25 20:57:24,737 s4 INFO (Dispatcher.java:97) Raw event count is 497325; rate 0.0
2012-04-25 20:57:24,737 s4 INFO (Dispatcher.java:102) 0: 497325
2012-04-25 20:57:39,738 s4 INFO (Dispatcher.java:95) Event count is 497325; rate 0.0
2012-04-25 20:57:39,738 s4 INFO (Dispatcher.java:97) Raw event count is 497325; rate 0.0
2012-04-25 20:57:39,738 s4 INFO (Dispatcher.java:102) 0: 497325
2012-04-25 20:57:54,739 s4 INFO (Dispatcher.java:95) Event count is 497325; rate 0.0
2012-04-25 20:57:54,739 s4 INFO (Dispatcher.java:97) Raw event count is 497325; rate 0.0
2012-04-25 20:57:54,739 s4 INFO (Dispatcher.java:102) 0: 497325
2012-04-25 20:58:09,740 s4 INFO (Dispatcher.java:95) Event count is 497325; rate 0.0
2012-04-25 20:58:09,740 s4 INFO (Dispatcher.java:97) Raw event count is 497325; rate 0.0
2012-04-25 20:58:09,740 s4 INFO (Dispatcher.java:102) 0: 497325
2012-04-25 20:58:24,740 s4 INFO (Dispatcher.java:95) Event count is 497325; rate 0.0
2012-04-25 20:58:24,741 s4 INFO (Dispatcher.java:97) Raw event count is 497325; rate 0.0
2012-04-25 20:58:24,741 s4 INFO (Dispatcher.java:102) 0: 497325
2012-04-25 20:58:39,741 s4 INFO (Dispatcher.java:95) Event count is 497325; rate 0.0
2012-04-25 20:58:39,742 s4 INFO (Dispatcher.java:97) Raw event count is 497325; rate 0.0
2012-04-25 20:58:39,742 s4 INFO (Dispatcher.java:102) 0: 497325
2012-04-25 20:58:54,742 s4 INFO (Dispatcher.java:95) Event count is 497325; rate 0.0
2012-04-25 20:58:54,743 s4 INFO (Dispatcher.java:97) Raw event count is 497325; rate 0.0
2012-04-25 20:58:54,743 s4 INFO (Dispatcher.java:102) 0: 497325
2012-04-25 20:59:09,743 s4 INFO (Dispatcher.java:95) Event count is 497325; rate 0.0
2012-04-25 20:59:09,743 s4 INFO (Dispatcher.java:97) Raw event count is 497325; rate 0.0
2012-04-25 20:59:09,744 s4 INFO (Dispatcher.java:102) 0: 497325
2012-04-25 20:59:24,744 s4 INFO (Dispatcher.java:95) Event count is 497325; rate 0.0
2012-04-25 20:59:24,744 s4 INFO (Dispatcher.java:97) Raw event count is 497325; rate 0.0
2012-04-25 20:59:24,745 s4 INFO (Dispatcher.java:102) 0: 497325
2012-04-25 20:59:39,745 s4 INFO (Dispatcher.java:95) Event count is 497325; rate 0.0
2012-04-25 20:59:39,745 s4 INFO (Dispatcher.java:97) Raw event count is 497325; rate 0.0
2012-04-25 20:59:39,746 s4 INFO (Dispatcher.java:102) 0: 497325
2012-04-25 20:59:54,746 s4 INFO (Dispatcher.java:95) Event count is 497325; rate 0.0
2012-04-25 20:59:54,746 s4 INFO (Dispatcher.java:97) Raw event count is 497325; rate 0.0
2012-04-25 20:59:54,746 s4 INFO (Dispatcher.java:102) 0: 497325
2012-04-25 21:00:09,747 s4 INFO (Dispatcher.java:95) Event count is 497325; rate 0.0
2012-04-25 21:00:09,747 s4 INFO (Dispatcher.java:97) Raw event count is 497325; rate 0.0
2012-04-25 21:00:09,748 s4 INFO (Dispatcher.java:102) 0: 497325
2012-04-25 21:00:24,748 s4 INFO (Dispatcher.java:95) Event count is 497325; rate 0.0
2012-04-25 21:00:24,748 s4 INFO (Dispatcher.java:97) Raw event count is 497325; rate 0.0
2012-04-25 21:00:24,749 s4 INFO (Dispatcher.java:102) 0: 497325
2012-04-25 21:00:39,749 s4 INFO (Dispatcher.java:95) Event count is 497325; rate 0.0
2012-04-25 21:00:39,749 s4 INFO (Dispatcher.java:97) Raw event count is 497325; rate 0.0
2012-04-25 21:00:39,750 s4 INFO (Dispatcher.java:102) 0: 497325
2012-04-25 21:00:54,750 s4 INFO (Dispatcher.java:95) Event count is 497325; rate 0.0
2012-04-25 21:00:54,750 s4 INFO (Dispatcher.java:97) Raw event count is 497325; rate 0.0
2012-04-25 21:00:54,751 s4 INFO (Dispatcher.java:102) 0: 497325
2012-04-25 21:01:09,751 s4 INFO (Dispatcher.java:95) Event count is 497325; rate 0.0
2012-04-25 21:01:09,751 s4 INFO (Dispatcher.java:97) Raw event count is 497325; rate 0.0
2012-04-25 21:01:09,752 s4 INFO (Dispatcher.java:102) 0: 497325
2012-04-25 21:01:24,752 s4 INFO (Dispatcher.java:95) Event count is 497325; rate 0.0
2012-04-25 21:01:24,752 s4 INFO (Dispatcher.java:97) Raw event count is 497325; rate 0.0
2012-04-25 21:01:24,752 s4 INFO (Dispatcher.java:102) 0: 497325
2012-04-25 21:01:39,752 s4 INFO (Dispatcher.java:95) Event count is 497325; rate 0.0
2012-04-25 21:01:39,753 s4 INFO (Dispatcher.java:97) Raw event count is 497325; rate 0.0
2012-04-25 21:01:39,753 s4 INFO (Dispatcher.java:102) 0: 497325
2012-04-25 21:01:54,753 s4 INFO (Dispatcher.java:95) Event count is 497325; rate 0.0
2012-04-25 21:01:54,754 s4 INFO (Dispatcher.java:97) Raw event count is 497325; rate 0.0
2012-04-25 21:01:54,754 s4 INFO (Dispatcher.java:102) 0: 497325
2012-04-25 21:02:09,754 s4 INFO (Dispatcher.java:95) Event count is 497325; rate 0.0
2012-04-25 21:02:09,755 s4 INFO (Dispatcher.java:97) Raw event count is 497325; rate 0.0
2012-04-25 21:02:09,755 s4 INFO (Dispatcher.java:102) 0: 497325
2012-04-25 21:02:24,755 s4 INFO (Dispatcher.java:95) Event count is 497325; rate 0.0
2012-04-25 21:02:24,755 s4 INFO (Dispatcher.java:97) Raw event count is 497325; rate 0.0
2012-04-25 21:02:24,756 s4 INFO (Dispatcher.java:102) 0: 497325
2012-04-25 21:02:39,756 s4 INFO (Dispatcher.java:95) Event count is 497325; rate 0.0
2012-04-25 21:02:39,756 s4 INFO (Dispatcher.java:97) Raw event count is 497325; rate 0.0
2012-04-25 21:02:39,757 s4 INFO (Dispatcher.java:102) 0: 497325
2012-04-25 21:02:54,757 s4 INFO (Dispatcher.java:95) Event count is 497325; rate 0.0
2012-04-25 21:02:54,757 s4 INFO (Dispatcher.java:97) Raw event count is 497325; rate 0.0
2012-04-25 21:02:54,757 s4 INFO (Dispatcher.java:102) 0: 497325
2012-04-25 21:03:09,758 s4 INFO (Dispatcher.java:95) Event count is 497325; rate 0.0
2012-04-25 21:03:09,758 s4 INFO (Dispatcher.java:97) Raw event count is 497325; rate 0.0
2012-04-25 21:03:09,758 s4 INFO (Dispatcher.java:102) 0: 497325
2012-04-25 21:03:24,759 s4 INFO (Dispatcher.java:95) Event count is 497325; rate 0.0
2012-04-25 21:03:24,759 s4 INFO (Dispatcher.java:97) Raw event count is 497325; rate 0.0
2012-04-25 21:03:24,759 s4 INFO (Dispatcher.java:102) 0: 497325
2012-04-25 21:03:39,760 s4 INFO (Dispatcher.java:95) Event count is 497325; rate 0.0
2012-04-25 21:03:39,760 s4 INFO (Dispatcher.java:97) Raw event count is 497325; rate 0.0
2012-04-25 21:03:39,760 s4 INFO (Dispatcher.java:102) 0: 497325
2012-04-25 21:03:54,761 s4 INFO (Dispatcher.java:95) Event count is 497325; rate 0.0
2012-04-25 21:03:54,761 s4 INFO (Dispatcher.java:97) Raw event count is 497325; rate 0.0
2012-04-25 21:03:54,762 s4 INFO (Dispatcher.java:102) 0: 497325
2012-04-25 21:04:09,762 s4 INFO (Dispatcher.java:95) Event count is 497325; rate 0.0
2012-04-25 21:04:09,762 s4 INFO (Dispatcher.java:97) Raw event count is 497325; rate 0.0
2012-04-25 21:04:09,763 s4 INFO (Dispatcher.java:102) 0: 497325
2012-04-25 21:04:24,763 s4 INFO (Dispatcher.java:95) Event count is 497325; rate 0.0
2012-04-25 21:04:24,763 s4 INFO (Dispatcher.java:97) Raw event count is 497325; rate 0.0
2012-04-25 21:04:24,764 s4 INFO (Dispatcher.java:102) 0: 497325
2012-04-25 21:04:39,764 s4 INFO (Dispatcher.java:95) Event count is 497325; rate 0.0
2012-04-25 21:04:39,764 s4 INFO (Dispatcher.java:97) Raw event count is 497325; rate 0.0
2012-04-25 21:04:39,765 s4 INFO (Dispatcher.java:102) 0: 497325
2012-04-25 21:04:54,765 s4 INFO (Dispatcher.java:95) Event count is 497325; rate 0.0
2012-04-25 21:04:54,765 s4 INFO (Dispatcher.java:97) Raw event count is 497325; rate 0.0
2012-04-25 21:04:54,766 s4 INFO (Dispatcher.java:102) 0: 497325
2012-04-25 21:05:09,766 s4 INFO (Dispatcher.java:95) Event count is 497325; rate 0.0
2012-04-25 21:05:09,767 s4 INFO (Dispatcher.java:97) Raw event count is 497325; rate 0.0
2012-04-25 21:05:09,767 s4 INFO (Dispatcher.java:102) 0: 497325
2012-04-25 21:05:24,767 s4 INFO (Dispatcher.java:95) Event count is 497325; rate 0.0
2012-04-25 21:05:24,768 s4 INFO (Dispatcher.java:97) Raw event count is 497325; rate 0.0
2012-04-25 21:05:24,768 s4 INFO (Dispatcher.java:102) 0: 497325
2012-04-25 21:05:39,768 s4 INFO (Dispatcher.java:95) Event count is 497325; rate 0.0
2012-04-25 21:05:39,769 s4 INFO (Dispatcher.java:97) Raw event count is 497325; rate 0.0
2012-04-25 21:05:39,769 s4 INFO (Dispatcher.java:102) 0: 497325
2012-04-25 21:05:54,769 s4 INFO (Dispatcher.java:95) Event count is 497325; rate 0.0
2012-04-25 21:05:54,769 s4 INFO (Dispatcher.java:97) Raw event count is 497325; rate 0.0
2012-04-25 21:05:54,770 s4 INFO (Dispatcher.java:102) 0: 497325
2012-04-25 21:06:09,770 s4 INFO (Dispatcher.java:95) Event count is 497325; rate 0.0
2012-04-25 21:06:09,770 s4 INFO (Dispatcher.java:97) Raw event count is 497325; rate 0.0
2012-04-25 21:06:09,771 s4 INFO (Dispatcher.java:102) 0: 497325
2012-04-25 21:06:24,771 s4 INFO (Dispatcher.java:95) Event count is 497325; rate 0.0
2012-04-25 21:06:24,771 s4 INFO (Dispatcher.java:97) Raw event count is 497325; rate 0.0
2012-04-25 21:06:24,772 s4 INFO (Dispatcher.java:102) 0: 497325
2012-04-25 21:06:39,772 s4 INFO (Dispatcher.java:95) Event count is 497325; rate 0.0
2012-04-25 21:06:39,773 s4 INFO (Dispatcher.java:97) Raw event count is 497325; rate 0.0
2012-04-25 21:06:39,773 s4 INFO (Dispatcher.java:102) 0: 497325
2012-04-25 21:06:54,773 s4 INFO (Dispatcher.java:95) Event count is 497325; rate 0.0
2012-04-25 21:06:54,774 s4 INFO (Dispatcher.java:97) Raw event count is 497325; rate 0.0
2012-04-25 21:06:54,774 s4 INFO (Dispatcher.java:102) 0: 497325
2012-04-25 21:07:09,774 s4 INFO (Dispatcher.java:95) Event count is 497325; rate 0.0
2012-04-25 21:07:09,775 s4 INFO (Dispatcher.java:97) Raw event count is 497325; rate 0.0
2012-04-25 21:07:09,775 s4 INFO (Dispatcher.java:102) 0: 497325
2012-04-25 21:07:24,775 s4 INFO (Dispatcher.java:95) Event count is 497325; rate 0.0
2012-04-25 21:07:24,776 s4 INFO (Dispatcher.java:97) Raw event count is 497325; rate 0.0
2012-04-25 21:07:24,776 s4 INFO (Dispatcher.java:102) 0: 497325
2012-04-25 21:07:39,776 s4 INFO (Dispatcher.java:95) Event count is 497325; rate 0.0
2012-04-25 21:07:39,777 s4 INFO (Dispatcher.java:97) Raw event count is 497325; rate 0.0
2012-04-25 21:07:39,777 s4 INFO (Dispatcher.java:102) 0: 497325
2012-04-25 21:07:54,777 s4 INFO (Dispatcher.java:95) Event count is 497325; rate 0.0
2012-04-25 21:07:54,778 s4 INFO (Dispatcher.java:97) Raw event count is 497325; rate 0.0
2012-04-25 21:07:54,778 s4 INFO (Dispatcher.java:102) 0: 497325
2012-04-25 21:08:09,779 s4 INFO (Dispatcher.java:95) Event count is 497325; rate 0.0
2012-04-25 21:08:09,779 s4 INFO (Dispatcher.java:97) Raw event count is 497325; rate 0.0
2012-04-25 21:08:09,779 s4 INFO (Dispatcher.java:102) 0: 497325
2012-04-25 21:08:24,780 s4 INFO (Dispatcher.java:95) Event count is 497325; rate 0.0
2012-04-25 21:08:24,780 s4 INFO (Dispatcher.java:97) Raw event count is 497325; rate 0.0
2012-04-25 21:08:24,780 s4 INFO (Dispatcher.java:102) 0: 497325
2012-04-25 21:08:39,780 s4 INFO (Dispatcher.java:95) Event count is 497325; rate 0.0
2012-04-25 21:08:39,781 s4 INFO (Dispatcher.java:97) Raw event count is 497325; rate 0.0
2012-04-25 21:08:39,781 s4 INFO (Dispatcher.java:102) 0: 497325
2012-04-25 21:08:54,781 s4 INFO (Dispatcher.java:95) Event count is 497325; rate 0.0
2012-04-25 21:08:54,782 s4 INFO (Dispatcher.java:97) Raw event count is 497325; rate 0.0
2012-04-25 21:08:54,782 s4 INFO (Dispatcher.java:102) 0: 497325
2012-04-25 21:09:09,782 s4 INFO (Dispatcher.java:95) Event count is 497325; rate 0.0
2012-04-25 21:09:09,783 s4 INFO (Dispatcher.java:97) Raw event count is 497325; rate 0.0
2012-04-25 21:09:09,783 s4 INFO (Dispatcher.java:102) 0: 497325
2012-04-25 21:09:24,783 s4 INFO (Dispatcher.java:95) Event count is 497325; rate 0.0
2012-04-25 21:09:24,784 s4 INFO (Dispatcher.java:97) Raw event count is 497325; rate 0.0
2012-04-25 21:09:24,784 s4 INFO (Dispatcher.java:102) 0: 497325
2012-04-25 21:09:39,784 s4 INFO (Dispatcher.java:95) Event count is 497325; rate 0.0
2012-04-25 21:09:39,785 s4 INFO (Dispatcher.java:97) Raw event count is 497325; rate 0.0
2012-04-25 21:09:39,785 s4 INFO (Dispatcher.java:102) 0: 497325
2012-04-25 21:09:54,785 s4 INFO (Dispatcher.java:95) Event count is 497325; rate 0.0
2012-04-25 21:09:54,786 s4 INFO (Dispatcher.java:97) Raw event count is 497325; rate 0.0
2012-04-25 21:09:54,786 s4 INFO (Dispatcher.java:102) 0: 497325
2012-04-25 21:10:09,786 s4 INFO (Dispatcher.java:95) Event count is 497325; rate 0.0
2012-04-25 21:10:09,787 s4 INFO (Dispatcher.java:97) Raw event count is 497325; rate 0.0
2012-04-25 21:10:09,787 s4 INFO (Dispatcher.java:102) 0: 497325
2012-04-25 21:10:24,787 s4 INFO (Dispatcher.java:95) Event count is 497325; rate 0.0
2012-04-25 21:10:24,788 s4 INFO (Dispatcher.java:97) Raw event count is 497325; rate 0.0
2012-04-25 21:10:24,788 s4 INFO (Dispatcher.java:102) 0: 497325
2012-04-25 21:10:39,788 s4 INFO (Dispatcher.java:95) Event count is 497325; rate 0.0
2012-04-25 21:10:39,789 s4 INFO (Dispatcher.java:97) Raw event count is 497325; rate 0.0
2012-04-25 21:10:39,789 s4 INFO (Dispatcher.java:102) 0: 497325
2012-04-25 21:10:54,789 s4 INFO (Dispatcher.java:95) Event count is 497325; rate 0.0
2012-04-25 21:10:54,790 s4 INFO (Dispatcher.java:97) Raw event count is 497325; rate 0.0
2012-04-25 21:10:54,790 s4 INFO (Dispatcher.java:102) 0: 497325
2012-04-25 21:11:09,790 s4 INFO (Dispatcher.java:95) Event count is 497325; rate 0.0
2012-04-25 21:11:09,791 s4 INFO (Dispatcher.java:97) Raw event count is 497325; rate 0.0
2012-04-25 21:11:09,791 s4 INFO (Dispatcher.java:102) 0: 497325
2012-04-25 21:11:24,791 s4 INFO (Dispatcher.java:95) Event count is 497325; rate 0.0
2012-04-25 21:11:24,791 s4 INFO (Dispatcher.java:97) Raw event count is 497325; rate 0.0
2012-04-25 21:11:24,792 s4 INFO (Dispatcher.java:102) 0: 497325
2012-04-25 21:11:39,792 s4 INFO (Dispatcher.java:95) Event count is 497325; rate 0.0
2012-04-25 21:11:39,792 s4 INFO (Dispatcher.java:97) Raw event count is 497325; rate 0.0
2012-04-25 21:11:39,793 s4 INFO (Dispatcher.java:102) 0: 497325
2012-04-25 21:11:54,793 s4 INFO (Dispatcher.java:95) Event count is 497325; rate 0.0
2012-04-25 21:11:54,793 s4 INFO (Dispatcher.java:97) Raw event count is 497325; rate 0.0
2012-04-25 21:11:54,794 s4 INFO (Dispatcher.java:102) 0: 497325
2012-04-25 21:12:09,794 s4 INFO (Dispatcher.java:95) Event count is 497325; rate 0.0
2012-04-25 21:12:09,794 s4 INFO (Dispatcher.java:97) Raw event count is 497325; rate 0.0
2012-04-25 21:12:09,795 s4 INFO (Dispatcher.java:102) 0: 497325
2012-04-25 21:12:24,795 s4 INFO (Dispatcher.java:95) Event count is 497325; rate 0.0
2012-04-25 21:12:24,795 s4 INFO (Dispatcher.java:97) Raw event count is 497325; rate 0.0
2012-04-25 21:12:24,796 s4 INFO (Dispatcher.java:102) 0: 497325
2012-04-25 21:12:39,796 s4 INFO (Dispatcher.java:95) Event count is 497325; rate 0.0
2012-04-25 21:12:39,797 s4 INFO (Dispatcher.java:97) Raw event count is 497325; rate 0.0
2012-04-25 21:12:39,797 s4 INFO (Dispatcher.java:102) 0: 497325
2012-04-25 21:12:54,797 s4 INFO (Dispatcher.java:95) Event count is 497325; rate 0.0
2012-04-25 21:12:54,798 s4 INFO (Dispatcher.java:97) Raw event count is 497325; rate 0.0
2012-04-25 21:12:54,798 s4 INFO (Dispatcher.java:102) 0: 497325
2012-04-25 21:13:09,798 s4 INFO (Dispatcher.java:95) Event count is 497325; rate 0.0
2012-04-25 21:13:09,799 s4 INFO (Dispatcher.java:97) Raw event count is 497325; rate 0.0
2012-04-25 21:13:09,799 s4 INFO (Dispatcher.java:102) 0: 497325
2012-04-25 21:13:24,799 s4 INFO (Dispatcher.java:95) Event count is 497325; rate 0.0
2012-04-25 21:13:24,800 s4 INFO (Dispatcher.java:97) Raw event count is 497325; rate 0.0
2012-04-25 21:13:24,800 s4 INFO (Dispatcher.java:102) 0: 497325
2012-04-25 21:13:39,800 s4 INFO (Dispatcher.java:95) Event count is 497325; rate 0.0
2012-04-25 21:13:39,801 s4 INFO (Dispatcher.java:97) Raw event count is 497325; rate 0.0
2012-04-25 21:13:39,801 s4 INFO (Dispatcher.java:102) 0: 497325
2012-04-25 21:13:54,801 s4 INFO (Dispatcher.java:95) Event count is 497325; rate 0.0
2012-04-25 21:13:54,801 s4 INFO (Dispatcher.java:97) Raw event count is 497325; rate 0.0
2012-04-25 21:13:54,802 s4 INFO (Dispatcher.java:102) 0: 497325
2012-04-25 21:14:09,802 s4 INFO (Dispatcher.java:95) Event count is 497325; rate 0.0
2012-04-25 21:14:09,802 s4 INFO (Dispatcher.java:97) Raw event count is 497325; rate 0.0
2012-04-25 21:14:09,802 s4 INFO (Dispatcher.java:102) 0: 497325
2012-04-25 21:14:24,803 s4 INFO (Dispatcher.java:95) Event count is 497325; rate 0.0
2012-04-25 21:14:24,803 s4 INFO (Dispatcher.java:97) Raw event count is 497325; rate 0.0
2012-04-25 21:14:24,804 s4 INFO (Dispatcher.java:102) 0: 497325
2012-04-25 21:14:39,804 s4 INFO (Dispatcher.java:95) Event count is 497325; rate 0.0
2012-04-25 21:14:39,804 s4 INFO (Dispatcher.java:97) Raw event count is 497325; rate 0.0
2012-04-25 21:14:39,805 s4 INFO (Dispatcher.java:102) 0: 497325
2012-04-25 21:14:54,805 s4 INFO (Dispatcher.java:95) Event count is 497325; rate 0.0
2012-04-25 21:14:54,805 s4 INFO (Dispatcher.java:97) Raw event count is 497325; rate 0.0
2012-04-25 21:14:54,806 s4 INFO (Dispatcher.java:102) 0: 497325
2012-04-25 21:15:09,806 s4 INFO (Dispatcher.java:95) Event count is 497325; rate 0.0
2012-04-25 21:15:09,806 s4 INFO (Dispatcher.java:97) Raw event count is 497325; rate 0.0
2012-04-25 21:15:09,807 s4 INFO (Dispatcher.java:102) 0: 497325
2012-04-25 21:15:24,807 s4 INFO (Dispatcher.java:95) Event count is 497325; rate 0.0
2012-04-25 21:15:24,807 s4 INFO (Dispatcher.java:97) Raw event count is 497325; rate 0.0
2012-04-25 21:15:24,808 s4 INFO (Dispatcher.java:102) 0: 497325
2012-04-25 21:15:39,808 s4 INFO (Dispatcher.java:95) Event count is 497325; rate 0.0
2012-04-25 21:15:39,808 s4 INFO (Dispatcher.java:97) Raw event count is 497325; rate 0.0
2012-04-25 21:15:39,809 s4 INFO (Dispatcher.java:102) 0: 497325
2012-04-25 21:15:54,809 s4 INFO (Dispatcher.java:95) Event count is 497325; rate 0.0
2012-04-25 21:15:54,809 s4 INFO (Dispatcher.java:97) Raw event count is 497325; rate 0.0
2012-04-25 21:15:54,810 s4 INFO (Dispatcher.java:102) 0: 497325
2012-04-25 21:16:09,810 s4 INFO (Dispatcher.java:95) Event count is 497325; rate 0.0
2012-04-25 21:16:09,810 s4 INFO (Dispatcher.java:97) Raw event count is 497325; rate 0.0
2012-04-25 21:16:09,811 s4 INFO (Dispatcher.java:102) 0: 497325
2012-04-25 21:16:24,811 s4 INFO (Dispatcher.java:95) Event count is 497325; rate 0.0
2012-04-25 21:16:24,811 s4 INFO (Dispatcher.java:97) Raw event count is 497325; rate 0.0
2012-04-25 21:16:24,812 s4 INFO (Dispatcher.java:102) 0: 497325
2012-04-25 21:16:39,812 s4 INFO (Dispatcher.java:95) Event count is 497325; rate 0.0
2012-04-25 21:16:39,812 s4 INFO (Dispatcher.java:97) Raw event count is 497325; rate 0.0
2012-04-25 21:16:39,812 s4 INFO (Dispatcher.java:102) 0: 497325
2012-04-25 21:16:54,813 s4 INFO (Dispatcher.java:95) Event count is 497325; rate 0.0
2012-04-25 21:16:54,813 s4 INFO (Dispatcher.java:97) Raw event count is 497325; rate 0.0
2012-04-25 21:16:54,813 s4 INFO (Dispatcher.java:102) 0: 497325
2012-04-25 21:17:09,814 s4 INFO (Dispatcher.java:95) Event count is 497325; rate 0.0
2012-04-25 21:17:09,814 s4 INFO (Dispatcher.java:97) Raw event count is 497325; rate 0.0
2012-04-25 21:17:09,814 s4 INFO (Dispatcher.java:102) 0: 497325
2012-04-25 21:17:24,815 s4 INFO (Dispatcher.java:95) Event count is 497325; rate 0.0
2012-04-25 21:17:24,815 s4 INFO (Dispatcher.java:97) Raw event count is 497325; rate 0.0
2012-04-25 21:17:24,815 s4 INFO (Dispatcher.java:102) 0: 497325
2012-04-25 21:17:39,816 s4 INFO (Dispatcher.java:95) Event count is 497325; rate 0.0
2012-04-25 21:17:39,816 s4 INFO (Dispatcher.java:97) Raw event count is 497325; rate 0.0
2012-04-25 21:17:39,816 s4 INFO (Dispatcher.java:102) 0: 497325
2012-04-25 21:17:54,817 s4 INFO (Dispatcher.java:95) Event count is 497325; rate 0.0
2012-04-25 21:17:54,817 s4 INFO (Dispatcher.java:97) Raw event count is 497325; rate 0.0
2012-04-25 21:17:54,817 s4 INFO (Dispatcher.java:102) 0: 497325
2012-04-25 21:18:09,818 s4 INFO (Dispatcher.java:95) Event count is 497325; rate 0.0
2012-04-25 21:18:09,818 s4 INFO (Dispatcher.java:97) Raw event count is 497325; rate 0.0
2012-04-25 21:18:09,818 s4 INFO (Dispatcher.java:102) 0: 497325
2012-04-25 21:18:24,819 s4 INFO (Dispatcher.java:95) Event count is 497325; rate 0.0
2012-04-25 21:18:24,819 s4 INFO (Dispatcher.java:97) Raw event count is 497325; rate 0.0
2012-04-25 21:18:24,819 s4 INFO (Dispatcher.java:102) 0: 497325
2012-04-25 21:18:39,819 s4 INFO (Dispatcher.java:95) Event count is 497325; rate 0.0
2012-04-25 21:18:39,820 s4 INFO (Dispatcher.java:97) Raw event count is 497325; rate 0.0
2012-04-25 21:18:39,820 s4 INFO (Dispatcher.java:102) 0: 497325
2012-04-25 21:18:54,820 s4 INFO (Dispatcher.java:95) Event count is 497325; rate 0.0
2012-04-25 21:18:54,821 s4 INFO (Dispatcher.java:97) Raw event count is 497325; rate 0.0
2012-04-25 21:18:54,821 s4 INFO (Dispatcher.java:102) 0: 497325
2012-04-25 21:19:09,821 s4 INFO (Dispatcher.java:95) Event count is 497325; rate 0.0
2012-04-25 21:19:09,822 s4 INFO (Dispatcher.java:97) Raw event count is 497325; rate 0.0
2012-04-25 21:19:09,822 s4 INFO (Dispatcher.java:102) 0: 497325
2012-04-25 21:19:24,822 s4 INFO (Dispatcher.java:95) Event count is 497325; rate 0.0
2012-04-25 21:19:24,822 s4 INFO (Dispatcher.java:97) Raw event count is 497325; rate 0.0
2012-04-25 21:19:24,823 s4 INFO (Dispatcher.java:102) 0: 497325
2012-04-25 21:19:39,823 s4 INFO (Dispatcher.java:95) Event count is 497325; rate 0.0
2012-04-25 21:19:39,823 s4 INFO (Dispatcher.java:97) Raw event count is 497325; rate 0.0
2012-04-25 21:19:39,823 s4 INFO (Dispatcher.java:102) 0: 497325
2012-04-25 21:19:54,824 s4 INFO (Dispatcher.java:95) Event count is 497325; rate 0.0
2012-04-25 21:19:54,824 s4 INFO (Dispatcher.java:97) Raw event count is 497325; rate 0.0
2012-04-25 21:19:54,824 s4 INFO (Dispatcher.java:102) 0: 497325
2012-04-25 21:20:09,825 s4 INFO (Dispatcher.java:95) Event count is 497325; rate 0.0
2012-04-25 21:20:09,825 s4 INFO (Dispatcher.java:97) Raw event count is 497325; rate 0.0
2012-04-25 21:20:09,825 s4 INFO (Dispatcher.java:102) 0: 497325
2012-04-25 21:20:24,826 s4 INFO (Dispatcher.java:95) Event count is 497325; rate 0.0
2012-04-25 21:20:24,826 s4 INFO (Dispatcher.java:97) Raw event count is 497325; rate 0.0
2012-04-25 21:20:24,826 s4 INFO (Dispatcher.java:102) 0: 497325
2012-04-25 21:20:39,827 s4 INFO (Dispatcher.java:95) Event count is 497325; rate 0.0
2012-04-25 21:20:39,827 s4 INFO (Dispatcher.java:97) Raw event count is 497325; rate 0.0
2012-04-25 21:20:39,827 s4 INFO (Dispatcher.java:102) 0: 497325
2012-04-25 21:20:54,828 s4 INFO (Dispatcher.java:95) Event count is 497325; rate 0.0
2012-04-25 21:20:54,828 s4 INFO (Dispatcher.java:97) Raw event count is 497325; rate 0.0
2012-04-25 21:20:54,828 s4 INFO (Dispatcher.java:102) 0: 497325
2012-04-25 21:21:09,829 s4 INFO (Dispatcher.java:95) Event count is 497325; rate 0.0
2012-04-25 21:21:09,829 s4 INFO (Dispatcher.java:97) Raw event count is 497325; rate 0.0
2012-04-25 21:21:09,829 s4 INFO (Dispatcher.java:102) 0: 497325
2012-04-25 21:21:24,830 s4 INFO (Dispatcher.java:95) Event count is 497325; rate 0.0
2012-04-25 21:21:24,830 s4 INFO (Dispatcher.java:97) Raw event count is 497325; rate 0.0
2012-04-25 21:21:24,830 s4 INFO (Dispatcher.java:102) 0: 497325
2012-04-25 21:21:39,831 s4 INFO (Dispatcher.java:95) Event count is 497325; rate 0.0
2012-04-25 21:21:39,831 s4 INFO (Dispatcher.java:97) Raw event count is 497325; rate 0.0
2012-04-25 21:21:39,831 s4 INFO (Dispatcher.java:102) 0: 497325
2012-04-25 21:21:54,832 s4 INFO (Dispatcher.java:95) Event count is 497325; rate 0.0
2012-04-25 21:21:54,832 s4 INFO (Dispatcher.java:97) Raw event count is 497325; rate 0.0
2012-04-25 21:21:54,832 s4 INFO (Dispatcher.java:102) 0: 497325
2012-04-25 21:22:09,833 s4 INFO (Dispatcher.java:95) Event count is 497325; rate 0.0
2012-04-25 21:22:09,833 s4 INFO (Dispatcher.java:97) Raw event count is 497325; rate 0.0
2012-04-25 21:22:09,833 s4 INFO (Dispatcher.java:102) 0: 497325
2012-04-25 21:22:24,833 s4 INFO (Dispatcher.java:95) Event count is 497325; rate 0.0
2012-04-25 21:22:24,834 s4 INFO (Dispatcher.java:97) Raw event count is 497325; rate 0.0
2012-04-25 21:22:24,834 s4 INFO (Dispatcher.java:102) 0: 497325
2012-04-25 21:22:39,834 s4 INFO (Dispatcher.java:95) Event count is 497325; rate 0.0
2012-04-25 21:22:39,835 s4 INFO (Dispatcher.java:97) Raw event count is 497325; rate 0.0
2012-04-25 21:22:39,835 s4 INFO (Dispatcher.java:102) 0: 497325
2012-04-25 21:22:54,835 s4 INFO (Dispatcher.java:95) Event count is 497325; rate 0.0
2012-04-25 21:22:54,836 s4 INFO (Dispatcher.java:97) Raw event count is 497325; rate 0.0
2012-04-25 21:22:54,836 s4 INFO (Dispatcher.java:102) 0: 497325
2012-04-25 21:23:09,836 s4 INFO (Dispatcher.java:95) Event count is 497325; rate 0.0
2012-04-25 21:23:09,837 s4 INFO (Dispatcher.java:97) Raw event count is 497325; rate 0.0
2012-04-25 21:23:09,837 s4 INFO (Dispatcher.java:102) 0: 497325
2012-04-25 21:23:24,837 s4 INFO (Dispatcher.java:95) Event count is 497325; rate 0.0
2012-04-25 21:23:24,838 s4 INFO (Dispatcher.java:97) Raw event count is 497325; rate 0.0
2012-04-25 21:23:24,838 s4 INFO (Dispatcher.java:102) 0: 497325
2012-04-25 21:23:39,838 s4 INFO (Dispatcher.java:95) Event count is 497325; rate 0.0
2012-04-25 21:23:39,839 s4 INFO (Dispatcher.java:97) Raw event count is 497325; rate 0.0
2012-04-25 21:23:39,839 s4 INFO (Dispatcher.java:102) 0: 497325
2012-04-25 21:23:54,839 s4 INFO (Dispatcher.java:95) Event count is 497325; rate 0.0
2012-04-25 21:23:54,840 s4 INFO (Dispatcher.java:97) Raw event count is 497325; rate 0.0
2012-04-25 21:23:54,841 s4 INFO (Dispatcher.java:102) 0: 497325
2012-04-25 21:24:09,841 s4 INFO (Dispatcher.java:95) Event count is 497325; rate 0.0
2012-04-25 21:24:09,842 s4 INFO (Dispatcher.java:97) Raw event count is 497325; rate 0.0
2012-04-25 21:24:09,842 s4 INFO (Dispatcher.java:102) 0: 497325
2012-04-25 21:24:24,842 s4 INFO (Dispatcher.java:95) Event count is 497325; rate 0.0
2012-04-25 21:24:24,843 s4 INFO (Dispatcher.java:97) Raw event count is 497325; rate 0.0
2012-04-25 21:24:24,843 s4 INFO (Dispatcher.java:102) 0: 497325
2012-04-25 21:24:39,843 s4 INFO (Dispatcher.java:95) Event count is 497325; rate 0.0
2012-04-25 21:24:39,844 s4 INFO (Dispatcher.java:97) Raw event count is 497325; rate 0.0
2012-04-25 21:24:39,844 s4 INFO (Dispatcher.java:102) 0: 497325
2012-04-25 21:24:54,844 s4 INFO (Dispatcher.java:95) Event count is 497325; rate 0.0
2012-04-25 21:24:54,845 s4 INFO (Dispatcher.java:97) Raw event count is 497325; rate 0.0
2012-04-25 21:24:54,845 s4 INFO (Dispatcher.java:102) 0: 497325
2012-04-25 21:25:09,845 s4 INFO (Dispatcher.java:95) Event count is 497325; rate 0.0
2012-04-25 21:25:09,845 s4 INFO (Dispatcher.java:97) Raw event count is 497325; rate 0.0
2012-04-25 21:25:09,846 s4 INFO (Dispatcher.java:102) 0: 497325
2012-04-25 21:25:24,846 s4 INFO (Dispatcher.java:95) Event count is 497325; rate 0.0
2012-04-25 21:25:24,846 s4 INFO (Dispatcher.java:97) Raw event count is 497325; rate 0.0
2012-04-25 21:25:24,846 s4 INFO (Dispatcher.java:102) 0: 497325
2012-04-25 21:25:39,847 s4 INFO (Dispatcher.java:95) Event count is 497325; rate 0.0
2012-04-25 21:25:39,847 s4 INFO (Dispatcher.java:97) Raw event count is 497325; rate 0.0
2012-04-25 21:25:39,847 s4 INFO (Dispatcher.java:102) 0: 497325
2012-04-25 21:25:54,848 s4 INFO (Dispatcher.java:95) Event count is 497325; rate 0.0
2012-04-25 21:25:54,848 s4 INFO (Dispatcher.java:97) Raw event count is 497325; rate 0.0
2012-04-25 21:25:54,848 s4 INFO (Dispatcher.java:102) 0: 497325
2012-04-25 21:26:09,849 s4 INFO (Dispatcher.java:95) Event count is 497325; rate 0.0
2012-04-25 21:26:09,849 s4 INFO (Dispatcher.java:97) Raw event count is 497325; rate 0.0
2012-04-25 21:26:09,849 s4 INFO (Dispatcher.java:102) 0: 497325
2012-04-25 21:26:24,850 s4 INFO (Dispatcher.java:95) Event count is 497325; rate 0.0
2012-04-25 21:26:24,850 s4 INFO (Dispatcher.java:97) Raw event count is 497325; rate 0.0
2012-04-25 21:26:24,850 s4 INFO (Dispatcher.java:102) 0: 497325
2012-04-25 21:26:39,851 s4 INFO (Dispatcher.java:95) Event count is 497325; rate 0.0
2012-04-25 21:26:39,851 s4 INFO (Dispatcher.java:97) Raw event count is 497325; rate 0.0
2012-04-25 21:26:39,851 s4 INFO (Dispatcher.java:102) 0: 497325
2012-04-25 21:26:54,852 s4 INFO (Dispatcher.java:95) Event count is 497325; rate 0.0
2012-04-25 21:26:54,852 s4 INFO (Dispatcher.java:97) Raw event count is 497325; rate 0.0
2012-04-25 21:26:54,852 s4 INFO (Dispatcher.java:102) 0: 497325
2012-04-25 21:27:09,852 s4 INFO (Dispatcher.java:95) Event count is 497325; rate 0.0
2012-04-25 21:27:09,853 s4 INFO (Dispatcher.java:97) Raw event count is 497325; rate 0.0
2012-04-25 21:27:09,853 s4 INFO (Dispatcher.java:102) 0: 497325
2012-04-25 21:27:24,853 s4 INFO (Dispatcher.java:95) Event count is 497325; rate 0.0
2012-04-25 21:27:24,854 s4 INFO (Dispatcher.java:97) Raw event count is 497325; rate 0.0
2012-04-25 21:27:24,854 s4 INFO (Dispatcher.java:102) 0: 497325
2012-04-25 21:27:39,854 s4 INFO (Dispatcher.java:95) Event count is 497325; rate 0.0
2012-04-25 21:27:39,855 s4 INFO (Dispatcher.java:97) Raw event count is 497325; rate 0.0
2012-04-25 21:27:39,855 s4 INFO (Dispatcher.java:102) 0: 497325
2012-04-25 21:27:54,855 s4 INFO (Dispatcher.java:95) Event count is 497325; rate 0.0
2012-04-25 21:27:54,855 s4 INFO (Dispatcher.java:97) Raw event count is 497325; rate 0.0
2012-04-25 21:27:54,856 s4 INFO (Dispatcher.java:102) 0: 497325
2012-04-25 21:28:09,856 s4 INFO (Dispatcher.java:95) Event count is 497325; rate 0.0
2012-04-25 21:28:09,856 s4 INFO (Dispatcher.java:97) Raw event count is 497325; rate 0.0
2012-04-25 21:28:09,856 s4 INFO (Dispatcher.java:102) 0: 497325
2012-04-25 21:28:24,857 s4 INFO (Dispatcher.java:95) Event count is 497325; rate 0.0
2012-04-25 21:28:24,857 s4 INFO (Dispatcher.java:97) Raw event count is 497325; rate 0.0
2012-04-25 21:28:24,857 s4 INFO (Dispatcher.java:102) 0: 497325
2012-04-25 21:28:39,858 s4 INFO (Dispatcher.java:95) Event count is 497325; rate 0.0
2012-04-25 21:28:39,858 s4 INFO (Dispatcher.java:97) Raw event count is 497325; rate 0.0
2012-04-25 21:28:39,858 s4 INFO (Dispatcher.java:102) 0: 497325
2012-04-25 21:28:54,859 s4 INFO (Dispatcher.java:95) Event count is 497325; rate 0.0
2012-04-25 21:28:54,859 s4 INFO (Dispatcher.java:97) Raw event count is 497325; rate 0.0
2012-04-25 21:28:54,859 s4 INFO (Dispatcher.java:102) 0: 497325
2012-04-25 21:29:09,860 s4 INFO (Dispatcher.java:95) Event count is 497325; rate 0.0
2012-04-25 21:29:09,860 s4 INFO (Dispatcher.java:97) Raw event count is 497325; rate 0.0
2012-04-25 21:29:09,860 s4 INFO (Dispatcher.java:102) 0: 497325
2012-04-25 21:29:24,861 s4 INFO (Dispatcher.java:95) Event count is 497325; rate 0.0
2012-04-25 21:29:24,861 s4 INFO (Dispatcher.java:97) Raw event count is 497325; rate 0.0
2012-04-25 21:29:24,861 s4 INFO (Dispatcher.java:102) 0: 497325
2012-04-25 21:29:39,862 s4 INFO (Dispatcher.java:95) Event count is 497325; rate 0.0
2012-04-25 21:29:39,862 s4 INFO (Dispatcher.java:97) Raw event count is 497325; rate 0.0
2012-04-25 21:29:39,862 s4 INFO (Dispatcher.java:102) 0: 497325
2012-04-25 21:29:54,862 s4 INFO (Dispatcher.java:95) Event count is 497325; rate 0.0
2012-04-25 21:29:54,863 s4 INFO (Dispatcher.java:97) Raw event count is 497325; rate 0.0
2012-04-25 21:29:54,863 s4 INFO (Dispatcher.java:102) 0: 497325
2012-04-25 21:30:09,863 s4 INFO (Dispatcher.java:95) Event count is 497325; rate 0.0
2012-04-25 21:30:09,863 s4 INFO (Dispatcher.java:97) Raw event count is 497325; rate 0.0
2012-04-25 21:30:09,864 s4 INFO (Dispatcher.java:102) 0: 497325
2012-04-25 21:30:24,864 s4 INFO (Dispatcher.java:95) Event count is 497325; rate 0.0
2012-04-25 21:30:24,864 s4 INFO (Dispatcher.java:97) Raw event count is 497325; rate 0.0
2012-04-25 21:30:24,864 s4 INFO (Dispatcher.java:102) 0: 497325
2012-04-25 21:30:39,865 s4 INFO (Dispatcher.java:95) Event count is 497325; rate 0.0
2012-04-25 21:30:39,865 s4 INFO (Dispatcher.java:97) Raw event count is 497325; rate 0.0
2012-04-25 21:30:39,865 s4 INFO (Dispatcher.java:102) 0: 497325
2012-04-25 21:30:54,866 s4 INFO (Dispatcher.java:95) Event count is 497325; rate 0.0
2012-04-25 21:30:54,866 s4 INFO (Dispatcher.java:97) Raw event count is 497325; rate 0.0
2012-04-25 21:30:54,866 s4 INFO (Dispatcher.java:102) 0: 497325
2012-04-25 21:31:09,866 s4 INFO (Dispatcher.java:95) Event count is 497325; rate 0.0
2012-04-25 21:31:09,866 s4 INFO (Dispatcher.java:97) Raw event count is 497325; rate 0.0
2012-04-25 21:31:09,867 s4 INFO (Dispatcher.java:102) 0: 497325
2012-04-25 21:31:24,867 s4 INFO (Dispatcher.java:95) Event count is 497325; rate 0.0
2012-04-25 21:31:24,867 s4 INFO (Dispatcher.java:97) Raw event count is 497325; rate 0.0
2012-04-25 21:31:24,868 s4 INFO (Dispatcher.java:102) 0: 497325
2012-04-25 21:31:39,868 s4 INFO (Dispatcher.java:95) Event count is 497325; rate 0.0
2012-04-25 21:31:39,868 s4 INFO (Dispatcher.java:97) Raw event count is 497325; rate 0.0
2012-04-25 21:31:39,869 s4 INFO (Dispatcher.java:102) 0: 497325
2012-04-25 21:31:54,869 s4 INFO (Dispatcher.java:95) Event count is 497325; rate 0.0
2012-04-25 21:31:54,869 s4 INFO (Dispatcher.java:97) Raw event count is 497325; rate 0.0
2012-04-25 21:31:54,870 s4 INFO (Dispatcher.java:102) 0: 497325
2012-04-25 21:32:09,870 s4 INFO (Dispatcher.java:95) Event count is 497325; rate 0.0
2012-04-25 21:32:09,870 s4 INFO (Dispatcher.java:97) Raw event count is 497325; rate 0.0
2012-04-25 21:32:09,870 s4 INFO (Dispatcher.java:102) 0: 497325
2012-04-25 21:32:24,871 s4 INFO (Dispatcher.java:95) Event count is 497325; rate 0.0
2012-04-25 21:32:24,871 s4 INFO (Dispatcher.java:97) Raw event count is 497325; rate 0.0
2012-04-25 21:32:24,871 s4 INFO (Dispatcher.java:102) 0: 497325
2012-04-25 21:32:39,872 s4 INFO (Dispatcher.java:95) Event count is 497325; rate 0.0
2012-04-25 21:32:39,872 s4 INFO (Dispatcher.java:97) Raw event count is 497325; rate 0.0
2012-04-25 21:32:39,872 s4 INFO (Dispatcher.java:102) 0: 497325
2012-04-25 21:32:54,873 s4 INFO (Dispatcher.java:95) Event count is 497325; rate 0.0
2012-04-25 21:32:54,873 s4 INFO (Dispatcher.java:97) Raw event count is 497325; rate 0.0
2012-04-25 21:32:54,873 s4 INFO (Dispatcher.java:102) 0: 497325
2012-04-25 21:33:09,874 s4 INFO (Dispatcher.java:95) Event count is 497325; rate 0.0
2012-04-25 21:33:09,874 s4 INFO (Dispatcher.java:97) Raw event count is 497325; rate 0.0
2012-04-25 21:33:09,874 s4 INFO (Dispatcher.java:102) 0: 497325
2012-04-25 21:33:24,874 s4 INFO (Dispatcher.java:95) Event count is 497325; rate 0.0
2012-04-25 21:33:24,875 s4 INFO (Dispatcher.java:97) Raw event count is 497325; rate 0.0
2012-04-25 21:33:24,875 s4 INFO (Dispatcher.java:102) 0: 497325
2012-04-25 21:33:39,875 s4 INFO (Dispatcher.java:95) Event count is 497325; rate 0.0
2012-04-25 21:33:39,876 s4 INFO (Dispatcher.java:97) Raw event count is 497325; rate 0.0
2012-04-25 21:33:39,876 s4 INFO (Dispatcher.java:102) 0: 497325
2012-04-25 21:33:54,876 s4 INFO (Dispatcher.java:95) Event count is 497325; rate 0.0
2012-04-25 21:33:54,876 s4 INFO (Dispatcher.java:97) Raw event count is 497325; rate 0.0
2012-04-25 21:33:54,877 s4 INFO (Dispatcher.java:102) 0: 497325
2012-04-25 21:34:09,877 s4 INFO (Dispatcher.java:95) Event count is 497325; rate 0.0
2012-04-25 21:34:09,877 s4 INFO (Dispatcher.java:97) Raw event count is 497325; rate 0.0
2012-04-25 21:34:09,878 s4 INFO (Dispatcher.java:102) 0: 497325
2012-04-25 21:34:24,878 s4 INFO (Dispatcher.java:95) Event count is 497325; rate 0.0
2012-04-25 21:34:24,878 s4 INFO (Dispatcher.java:97) Raw event count is 497325; rate 0.0
2012-04-25 21:34:24,879 s4 INFO (Dispatcher.java:102) 0: 497325
2012-04-25 21:34:39,879 s4 INFO (Dispatcher.java:95) Event count is 497325; rate 0.0
2012-04-25 21:34:39,879 s4 INFO (Dispatcher.java:97) Raw event count is 497325; rate 0.0
2012-04-25 21:34:39,879 s4 INFO (Dispatcher.java:102) 0: 497325
2012-04-25 21:34:54,880 s4 INFO (Dispatcher.java:95) Event count is 497325; rate 0.0
2012-04-25 21:34:54,880 s4 INFO (Dispatcher.java:97) Raw event count is 497325; rate 0.0
2012-04-25 21:34:54,880 s4 INFO (Dispatcher.java:102) 0: 497325
2012-04-25 21:35:09,881 s4 INFO (Dispatcher.java:95) Event count is 497325; rate 0.0
2012-04-25 21:35:09,881 s4 INFO (Dispatcher.java:97) Raw event count is 497325; rate 0.0
2012-04-25 21:35:09,881 s4 INFO (Dispatcher.java:102) 0: 497325
2012-04-25 21:35:24,881 s4 INFO (Dispatcher.java:95) Event count is 497325; rate 0.0
2012-04-25 21:35:24,882 s4 INFO (Dispatcher.java:97) Raw event count is 497325; rate 0.0
2012-04-25 21:35:24,882 s4 INFO (Dispatcher.java:102) 0: 497325
2012-04-25 21:35:39,882 s4 INFO (Dispatcher.java:95) Event count is 497325; rate 0.0
2012-04-25 21:35:39,883 s4 INFO (Dispatcher.java:97) Raw event count is 497325; rate 0.0
2012-04-25 21:35:39,883 s4 INFO (Dispatcher.java:102) 0: 497325
2012-04-25 21:35:54,883 s4 INFO (Dispatcher.java:95) Event count is 497325; rate 0.0
2012-04-25 21:35:54,884 s4 INFO (Dispatcher.java:97) Raw event count is 497325; rate 0.0
2012-04-25 21:35:54,884 s4 INFO (Dispatcher.java:102) 0: 497325
2012-04-25 21:36:09,884 s4 INFO (Dispatcher.java:95) Event count is 497325; rate 0.0
2012-04-25 21:36:09,884 s4 INFO (Dispatcher.java:97) Raw event count is 497325; rate 0.0
2012-04-25 21:36:09,885 s4 INFO (Dispatcher.java:102) 0: 497325
2012-04-25 21:36:24,885 s4 INFO (Dispatcher.java:95) Event count is 497325; rate 0.0
2012-04-25 21:36:24,885 s4 INFO (Dispatcher.java:97) Raw event count is 497325; rate 0.0
2012-04-25 21:36:24,885 s4 INFO (Dispatcher.java:102) 0: 497325
2012-04-25 21:36:39,886 s4 INFO (Dispatcher.java:95) Event count is 497325; rate 0.0
2012-04-25 21:36:39,886 s4 INFO (Dispatcher.java:97) Raw event count is 497325; rate 0.0
2012-04-25 21:36:39,886 s4 INFO (Dispatcher.java:102) 0: 497325
2012-04-25 21:36:54,887 s4 INFO (Dispatcher.java:95) Event count is 497325; rate 0.0
2012-04-25 21:36:54,887 s4 INFO (Dispatcher.java:97) Raw event count is 497325; rate 0.0
2012-04-25 21:36:54,887 s4 INFO (Dispatcher.java:102) 0: 497325
2012-04-25 21:37:09,888 s4 INFO (Dispatcher.java:95) Event count is 497325; rate 0.0
2012-04-25 21:37:09,888 s4 INFO (Dispatcher.java:97) Raw event count is 497325; rate 0.0
2012-04-25 21:37:09,888 s4 INFO (Dispatcher.java:102) 0: 497325
2012-04-25 21:37:24,889 s4 INFO (Dispatcher.java:95) Event count is 497325; rate 0.0
2012-04-25 21:37:24,889 s4 INFO (Dispatcher.java:97) Raw event count is 497325; rate 0.0
2012-04-25 21:37:24,889 s4 INFO (Dispatcher.java:102) 0: 497325
2012-04-25 21:37:39,890 s4 INFO (Dispatcher.java:95) Event count is 497325; rate 0.0
2012-04-25 21:37:39,890 s4 INFO (Dispatcher.java:97) Raw event count is 497325; rate 0.0
2012-04-25 21:37:39,890 s4 INFO (Dispatcher.java:102) 0: 497325
2012-04-25 21:37:54,890 s4 INFO (Dispatcher.java:95) Event count is 497325; rate 0.0
2012-04-25 21:37:54,891 s4 INFO (Dispatcher.java:97) Raw event count is 497325; rate 0.0
2012-04-25 21:37:54,891 s4 INFO (Dispatcher.java:102) 0: 497325
2012-04-25 21:38:09,891 s4 INFO (Dispatcher.java:95) Event count is 497325; rate 0.0
2012-04-25 21:38:09,892 s4 INFO (Dispatcher.java:97) Raw event count is 497325; rate 0.0
2012-04-25 21:38:09,892 s4 INFO (Dispatcher.java:102) 0: 497325
2012-04-25 21:38:24,892 s4 INFO (Dispatcher.java:95) Event count is 497325; rate 0.0
2012-04-25 21:38:24,893 s4 INFO (Dispatcher.java:97) Raw event count is 497325; rate 0.0
2012-04-25 21:38:24,893 s4 INFO (Dispatcher.java:102) 0: 497325
2012-04-25 21:38:39,893 s4 INFO (Dispatcher.java:95) Event count is 497325; rate 0.0
2012-04-25 21:38:39,894 s4 INFO (Dispatcher.java:97) Raw event count is 497325; rate 0.0
2012-04-25 21:38:39,894 s4 INFO (Dispatcher.java:102) 0: 497325
2012-04-25 21:38:54,894 s4 INFO (Dispatcher.java:95) Event count is 497325; rate 0.0
2012-04-25 21:38:54,894 s4 INFO (Dispatcher.java:97) Raw event count is 497325; rate 0.0
2012-04-25 21:38:54,894 s4 INFO (Dispatcher.java:102) 0: 497325
2012-04-25 21:39:09,895 s4 INFO (Dispatcher.java:95) Event count is 497325; rate 0.0
2012-04-25 21:39:09,895 s4 INFO (Dispatcher.java:97) Raw event count is 497325; rate 0.0
2012-04-25 21:39:09,895 s4 INFO (Dispatcher.java:102) 0: 497325
2012-04-25 21:39:24,896 s4 INFO (Dispatcher.java:95) Event count is 497325; rate 0.0
2012-04-25 21:39:24,896 s4 INFO (Dispatcher.java:97) Raw event count is 497325; rate 0.0
2012-04-25 21:39:24,897 s4 INFO (Dispatcher.java:102) 0: 497325
2012-04-25 21:39:39,898 s4 INFO (Dispatcher.java:95) Event count is 497325; rate 0.0
2012-04-25 21:39:39,898 s4 INFO (Dispatcher.java:97) Raw event count is 497325; rate 0.0
2012-04-25 21:39:39,898 s4 INFO (Dispatcher.java:102) 0: 497325
2012-04-25 21:39:54,899 s4 INFO (Dispatcher.java:95) Event count is 497325; rate 0.0
2012-04-25 21:39:54,899 s4 INFO (Dispatcher.java:97) Raw event count is 497325; rate 0.0
2012-04-25 21:39:54,899 s4 INFO (Dispatcher.java:102) 0: 497325
2012-04-25 21:40:09,900 s4 INFO (Dispatcher.java:95) Event count is 497325; rate 0.0
2012-04-25 21:40:09,900 s4 INFO (Dispatcher.java:97) Raw event count is 497325; rate 0.0
2012-04-25 21:40:09,900 s4 INFO (Dispatcher.java:102) 0: 497325
2012-04-25 21:40:24,901 s4 INFO (Dispatcher.java:95) Event count is 497325; rate 0.0
2012-04-25 21:40:24,901 s4 INFO (Dispatcher.java:97) Raw event count is 497325; rate 0.0
2012-04-25 21:40:24,901 s4 INFO (Dispatcher.java:102) 0: 497325
2012-04-25 21:40:39,902 s4 INFO (Dispatcher.java:95) Event count is 497325; rate 0.0
2012-04-25 21:40:39,902 s4 INFO (Dispatcher.java:97) Raw event count is 497325; rate 0.0
2012-04-25 21:40:39,902 s4 INFO (Dispatcher.java:102) 0: 497325
2012-04-25 21:40:54,903 s4 INFO (Dispatcher.java:95) Event count is 497325; rate 0.0
2012-04-25 21:40:54,903 s4 INFO (Dispatcher.java:97) Raw event count is 497325; rate 0.0
2012-04-25 21:40:54,903 s4 INFO (Dispatcher.java:102) 0: 497325
2012-04-25 21:41:09,904 s4 INFO (Dispatcher.java:95) Event count is 497325; rate 0.0
2012-04-25 21:41:09,904 s4 INFO (Dispatcher.java:97) Raw event count is 497325; rate 0.0
2012-04-25 21:41:09,904 s4 INFO (Dispatcher.java:102) 0: 497325
2012-04-25 21:41:24,904 s4 INFO (Dispatcher.java:95) Event count is 497325; rate 0.0
2012-04-25 21:41:24,905 s4 INFO (Dispatcher.java:97) Raw event count is 497325; rate 0.0
2012-04-25 21:41:24,905 s4 INFO (Dispatcher.java:102) 0: 497325
2012-04-25 21:41:39,905 s4 INFO (Dispatcher.java:95) Event count is 497325; rate 0.0
2012-04-25 21:41:39,905 s4 INFO (Dispatcher.java:97) Raw event count is 497325; rate 0.0
2012-04-25 21:41:39,906 s4 INFO (Dispatcher.java:102) 0: 497325
2012-04-25 21:41:54,906 s4 INFO (Dispatcher.java:95) Event count is 497325; rate 0.0
2012-04-25 21:41:54,906 s4 INFO (Dispatcher.java:97) Raw event count is 497325; rate 0.0
2012-04-25 21:41:54,908 s4 INFO (Dispatcher.java:102) 0: 497325
2012-04-25 21:42:09,908 s4 INFO (Dispatcher.java:95) Event count is 497325; rate 0.0
2012-04-25 21:42:09,909 s4 INFO (Dispatcher.java:97) Raw event count is 497325; rate 0.0
2012-04-25 21:42:09,909 s4 INFO (Dispatcher.java:102) 0: 497325
2012-04-25 21:42:24,909 s4 INFO (Dispatcher.java:95) Event count is 497325; rate 0.0
2012-04-25 21:42:24,910 s4 INFO (Dispatcher.java:97) Raw event count is 497325; rate 0.0
2012-04-25 21:42:24,911 s4 INFO (Dispatcher.java:102) 0: 497325
2012-04-25 21:42:39,911 s4 INFO (Dispatcher.java:95) Event count is 497325; rate 0.0
2012-04-25 21:42:39,912 s4 INFO (Dispatcher.java:97) Raw event count is 497325; rate 0.0
2012-04-25 21:42:39,912 s4 INFO (Dispatcher.java:102) 0: 497325
2012-04-25 21:42:54,912 s4 INFO (Dispatcher.java:95) Event count is 497325; rate 0.0
2012-04-25 21:42:54,913 s4 INFO (Dispatcher.java:97) Raw event count is 497325; rate 0.0
2012-04-25 21:42:54,913 s4 INFO (Dispatcher.java:102) 0: 497325
2012-04-25 21:43:09,913 s4 INFO (Dispatcher.java:95) Event count is 497325; rate 0.0
2012-04-25 21:43:09,914 s4 INFO (Dispatcher.java:97) Raw event count is 497325; rate 0.0
2012-04-25 21:43:09,914 s4 INFO (Dispatcher.java:102) 0: 497325
2012-04-25 21:43:24,914 s4 INFO (Dispatcher.java:95) Event count is 497325; rate 0.0
2012-04-25 21:43:24,915 s4 INFO (Dispatcher.java:97) Raw event count is 497325; rate 0.0
2012-04-25 21:43:24,915 s4 INFO (Dispatcher.java:102) 0: 497325
2012-04-25 21:43:39,915 s4 INFO (Dispatcher.java:95) Event count is 497325; rate 0.0
2012-04-25 21:43:39,915 s4 INFO (Dispatcher.java:97) Raw event count is 497325; rate 0.0
2012-04-25 21:43:39,916 s4 INFO (Dispatcher.java:102) 0: 497325
2012-04-25 21:43:54,916 s4 INFO (Dispatcher.java:95) Event count is 497325; rate 0.0
2012-04-25 21:43:54,916 s4 INFO (Dispatcher.java:97) Raw event count is 497325; rate 0.0
2012-04-25 21:43:54,917 s4 INFO (Dispatcher.java:102) 0: 497325
2012-04-25 21:44:09,917 s4 INFO (Dispatcher.java:95) Event count is 497325; rate 0.0
2012-04-25 21:44:09,917 s4 INFO (Dispatcher.java:97) Raw event count is 497325; rate 0.0
2012-04-25 21:44:09,917 s4 INFO (Dispatcher.java:102) 0: 497325
2012-04-25 21:44:24,917 s4 INFO (Dispatcher.java:95) Event count is 497325; rate 0.0
2012-04-25 21:44:24,918 s4 INFO (Dispatcher.java:97) Raw event count is 497325; rate 0.0
2012-04-25 21:44:24,919 s4 INFO (Dispatcher.java:102) 0: 497325
2012-04-25 21:44:39,919 s4 INFO (Dispatcher.java:95) Event count is 497325; rate 0.0
2012-04-25 21:44:39,920 s4 INFO (Dispatcher.java:97) Raw event count is 497325; rate 0.0
2012-04-25 21:44:39,920 s4 INFO (Dispatcher.java:102) 0: 497325
2012-04-25 21:44:54,920 s4 INFO (Dispatcher.java:95) Event count is 497325; rate 0.0
2012-04-25 21:44:54,921 s4 INFO (Dispatcher.java:97) Raw event count is 497325; rate 0.0
2012-04-25 21:44:54,921 s4 INFO (Dispatcher.java:102) 0: 497325
2012-04-25 21:45:09,921 s4 INFO (Dispatcher.java:95) Event count is 497325; rate 0.0
2012-04-25 21:45:09,922 s4 INFO (Dispatcher.java:97) Raw event count is 497325; rate 0.0
2012-04-25 21:45:09,922 s4 INFO (Dispatcher.java:102) 0: 497325
2012-04-25 21:45:24,922 s4 INFO (Dispatcher.java:95) Event count is 497325; rate 0.0
2012-04-25 21:45:24,922 s4 INFO (Dispatcher.java:97) Raw event count is 497325; rate 0.0
2012-04-25 21:45:24,923 s4 INFO (Dispatcher.java:102) 0: 497325
2012-04-25 21:45:39,923 s4 INFO (Dispatcher.java:95) Event count is 497325; rate 0.0
2012-04-25 21:45:39,923 s4 INFO (Dispatcher.java:97) Raw event count is 497325; rate 0.0
2012-04-25 21:45:39,923 s4 INFO (Dispatcher.java:102) 0: 497325
2012-04-25 21:45:54,923 s4 INFO (Dispatcher.java:95) Event count is 497325; rate 0.0
2012-04-25 21:45:54,924 s4 INFO (Dispatcher.java:97) Raw event count is 497325; rate 0.0
2012-04-25 21:45:54,925 s4 INFO (Dispatcher.java:102) 0: 497325
2012-04-25 21:46:09,925 s4 INFO (Dispatcher.java:95) Event count is 497325; rate 0.0
2012-04-25 21:46:09,926 s4 INFO (Dispatcher.java:97) Raw event count is 497325; rate 0.0
2012-04-25 21:46:09,926 s4 INFO (Dispatcher.java:102) 0: 497325
2012-04-25 21:46:24,926 s4 INFO (Dispatcher.java:95) Event count is 497325; rate 0.0
2012-04-25 21:46:24,926 s4 INFO (Dispatcher.java:97) Raw event count is 497325; rate 0.0
2012-04-25 21:46:24,927 s4 INFO (Dispatcher.java:102) 0: 497325
2012-04-25 21:46:39,927 s4 INFO (Dispatcher.java:95) Event count is 497325; rate 0.0
2012-04-25 21:46:39,927 s4 INFO (Dispatcher.java:97) Raw event count is 497325; rate 0.0
2012-04-25 21:46:39,927 s4 INFO (Dispatcher.java:102) 0: 497325
2012-04-25 21:46:54,928 s4 INFO (Dispatcher.java:95) Event count is 497325; rate 0.0
2012-04-25 21:46:54,928 s4 INFO (Dispatcher.java:97) Raw event count is 497325; rate 0.0
2012-04-25 21:46:54,929 s4 INFO (Dispatcher.java:102) 0: 497325
2012-04-25 21:47:09,929 s4 INFO (Dispatcher.java:95) Event count is 497325; rate 0.0
2012-04-25 21:47:09,930 s4 INFO (Dispatcher.java:97) Raw event count is 497325; rate 0.0
2012-04-25 21:47:09,930 s4 INFO (Dispatcher.java:102) 0: 497325
2012-04-25 21:47:24,930 s4 INFO (Dispatcher.java:95) Event count is 497325; rate 0.0
2012-04-25 21:47:24,930 s4 INFO (Dispatcher.java:97) Raw event count is 497325; rate 0.0
2012-04-25 21:47:24,932 s4 INFO (Dispatcher.java:102) 0: 497325
2012-04-25 21:47:39,932 s4 INFO (Dispatcher.java:95) Event count is 497325; rate 0.0
2012-04-25 21:47:39,932 s4 INFO (Dispatcher.java:97) Raw event count is 497325; rate 0.0
2012-04-25 21:47:39,932 s4 INFO (Dispatcher.java:102) 0: 497325
2012-04-25 21:47:54,932 s4 INFO (Dispatcher.java:95) Event count is 497325; rate 0.0
2012-04-25 21:47:54,933 s4 INFO (Dispatcher.java:97) Raw event count is 497325; rate 0.0
2012-04-25 21:47:54,933 s4 INFO (Dispatcher.java:102) 0: 497325
2012-04-25 21:48:09,933 s4 INFO (Dispatcher.java:95) Event count is 497325; rate 0.0
2012-04-25 21:48:09,934 s4 INFO (Dispatcher.java:97) Raw event count is 497325; rate 0.0
2012-04-25 21:48:09,934 s4 INFO (Dispatcher.java:102) 0: 497325
